[debug] [2018-05-03T01:49:29.804Z] ----------------------------------------------------------------------
[debug] [2018-05-03T01:49:29.806Z] Command:       /usr/local/bin/node /usr/local/bin/firebase deploy
[debug] [2018-05-03T01:49:29.806Z] CLI Version:   3.18.4
[debug] [2018-05-03T01:49:29.806Z] Platform:      darwin
[debug] [2018-05-03T01:49:29.806Z] Node Version:  v9.10.1
[debug] [2018-05-03T01:49:29.807Z] Time:          Wed May 02 2018 20:49:29 GMT-0500 (COT)
[debug] [2018-05-03T01:49:29.807Z] ----------------------------------------------------------------------
[debug] 
[debug] [2018-05-03T01:49:29.817Z] > command requires scopes: ["email","openid","https://www.googleapis.com/auth/cloudplatformprojects.readonly","https://www.googleapis.com/auth/firebase","https://www.googleapis.com/auth/cloud-platform"]
[debug] [2018-05-03T01:49:29.817Z] > authorizing via signed-in user
[debug] [2018-05-03T01:49:29.819Z] >>> HTTP REQUEST GET https://admin.firebase.com/v1/projects/saludencasa-ce8a5  
  
 Wed May 02 2018 20:49:29 GMT-0500 (COT)
[debug] [2018-05-03T01:49:30.681Z] <<< HTTP RESPONSE 200
[debug] [2018-05-03T01:49:30.682Z] >>> HTTP REQUEST GET https://admin.firebase.com/v1/database/saludencasa-ce8a5/tokens  
  
 Wed May 02 2018 20:49:30 GMT-0500 (COT)
[debug] [2018-05-03T01:49:31.316Z] <<< HTTP RESPONSE 200
[info] 
[info] === Deploying to 'saludencasa-ce8a5'...
[info] 
[info] i  deploying functions, hosting
[debug] [2018-05-03T01:49:34.280Z] > [functions] package.json contents: {
  "name": "functions",
  "description": "Cloud Functions for Firebase",
  "scripts": {
    "serve": "firebase serve --only functions",
    "shell": "firebase functions:shell",
    "start": "npm run shell",
    "deploy": "firebase deploy --only functions",
    "logs": "firebase functions:log"
  },
  "dependencies": {
    "firebase-admin": "~5.12.0",
    "firebase-functions": "^1.0.1",
    "sendgrid": "^5.2.3"
  },
  "private": true
}
[info] i  functions: ensuring necessary APIs are enabled...
[debug] [2018-05-03T01:49:34.281Z] >>> HTTP REQUEST GET https://servicemanagement.googleapis.com/v1/services/cloudfunctions.googleapis.com/projectSettings/saludencasa-ce8a5?view=CONSUMER_VIEW  
  
 Wed May 02 2018 20:49:34 GMT-0500 (COT)
[debug] [2018-05-03T01:49:34.281Z] >>> HTTP REQUEST GET https://servicemanagement.googleapis.com/v1/services/runtimeconfig.googleapis.com/projectSettings/saludencasa-ce8a5?view=CONSUMER_VIEW  
  
 Wed May 02 2018 20:49:34 GMT-0500 (COT)
[debug] [2018-05-03T01:49:35.412Z] <<< HTTP RESPONSE 200
[debug] [2018-05-03T01:49:35.426Z] <<< HTTP RESPONSE 200
[info] ✔  functions: all necessary APIs are enabled
[debug] [2018-05-03T01:49:35.427Z] >>> HTTP REQUEST GET https://cloudresourcemanager.googleapis.com/v1/projects/saludencasa-ce8a5  
  
 Wed May 02 2018 20:49:35 GMT-0500 (COT)
[debug] [2018-05-03T01:49:37.453Z] <<< HTTP RESPONSE 200
[debug] [2018-05-03T01:49:37.454Z] >>> HTTP REQUEST GET https://mobilesdk-pa.googleapis.com/v1/projects/888087128483:getServerAppConfig  
  
 Wed May 02 2018 20:49:37 GMT-0500 (COT)
[debug] [2018-05-03T01:49:39.206Z] <<< HTTP RESPONSE 200
[info] i  functions: preparing functions directory for uploading...
[debug] [2018-05-03T01:49:39.211Z] >>> HTTP REQUEST GET https://runtimeconfig.googleapis.com/v1beta1/projects/saludencasa-ce8a5/configs  
  
 Wed May 02 2018 20:49:39 GMT-0500 (COT)
[debug] [2018-05-03T01:49:39.702Z] <<< HTTP RESPONSE 200
[info] i  functions: packaged functions (43.34 KB) for uploading
[debug] [2018-05-03T01:49:40.059Z] >>> HTTP REQUEST POST https://cloudfunctions.googleapis.com/v1/projects/saludencasa-ce8a5/locations/us-central1/functions:generateUploadUrl  
  
 Wed May 02 2018 20:49:40 GMT-0500 (COT)
[debug] [2018-05-03T01:50:11.613Z] <<< HTTP RESPONSE 503
[debug] [2018-05-03T01:50:11.613Z] <<< HTTP RESPONSE BODY {
  "error": {
    "code": 503,
    "message": "The service is currently unavailable.",
    "status": "UNAVAILABLE"
  }
}

[debug] [2018-05-03T01:50:11.615Z] TypeError: Cannot create property 'error' on string '{
  "error": {
    "code": 503,
    "message": "The service is currently unavailable.",
    "status": "UNAVAILABLE"
  }
}
'
    at module.exports (/usr/local/lib/node_modules/firebase-tools/lib/responseToError.js:11:16)
    at Request._callback (/usr/local/lib/node_modules/firebase-tools/lib/api.js:47:25)
    at Request.self.callback (/usr/local/lib/node_modules/firebase-tools/node_modules/request/request.js:186:22)
    at Request.emit (events.js:180:13)
    at Request.emit (domain.js:421:20)
    at Request.<anonymous> (/usr/local/lib/node_modules/firebase-tools/node_modules/request/request.js:1163:10)
    at Request.emit (events.js:180:13)
    at Request.emit (domain.js:421:20)
    at IncomingMessage.<anonymous> (/usr/local/lib/node_modules/firebase-tools/node_modules/request/request.js:1085:12)
    at Object.onceWrapper (events.js:272:13)
[error] 
[error] Error: An unexpected error has occurred.
